Построение начато 06.06.2013 17:49:32.
     1>Проект "C:\Users\Lagster\Documents\Visual Studio 2010\Projects\voyna\voyna\voyna.vcxproj" в узле 2 (целевые объекты build).
     1>InitializeBuildStatus:
         Создание "Debug\voyna.unsuccessfulbuild", так как было задано "AlwaysCreate".
       ClCompile:
         Для всех выходных данных обновления не требуется.
         C:\Program Files\Microsoft Visual Studio 10.0\VC\bin\CL.exe /c /ZI /nologo /W3 /WX- /Od /Oy- /D WIN32 /D _DEBUG /D _CONSOLE /D _UNICODE /D UNICODE /Gm /EHsc /RTC1 /MDd /GS /fp:precise /Zc:wchar_t /Zc:forScope /Yu"StdAfx.h" /Fp"Debug\voyna.pch" /Fo"Debug\\" /Fd"Debug\vc100.pdb" /Gd /TP /analyze- /errorReport:prompt voyna.cpp
         voyna.cpp
       ManifestResourceCompile:
         Для всех выходных данных обновления не требуется.
       Link:
         C:\Program Files\Microsoft Visual Studio 10.0\VC\bin\link.exe /ERRORREPORT:PROMPT /OUT:"C:\Users\Lagster\Documents\Visual Studio 2010\Projects\voyna\Debug\voyna.exe" /INCREMENTAL /NOLOGO kernel32.lib user32.lib gdi32.lib winspool.lib comdlg32.lib advapi32.lib shell32.lib ole32.lib oleaut32.lib uuid.lib odbc32.lib odbccp32.lib /MANIFEST /ManifestFile:"Debug\voyna.exe.intermediate.manifest" /MANIFESTUAC:"level='asInvoker' uiAccess='false'" /DEBUG /PDB:"C:\Users\Lagster\Documents\Visual Studio 2010\Projects\voyna\Debug\voyna.pdb" /SUBSYSTEM:CONSOLE /TLBID:1 /DYNAMICBASE /NXCOMPAT /IMPLIB:"C:\Users\Lagster\Documents\Visual Studio 2010\Projects\voyna\Debug\voyna.lib" /MACHINE:X86 Debug\voyna.exe.embed.manifest.res
         Debug\stdafx.obj
         Debug\voyna.obj
       Manifest:
         C:\Program Files\Microsoft SDKs\Windows\v7.0A\bin\mt.exe /nologo /verbose /out:"Debug\voyna.exe.embed.manifest" /manifest Debug\voyna.exe.intermediate.manifest
         Для всех выходных данных обновления не требуется.
       LinkEmbedManifest:
         Для всех выходных данных обновления не требуется.
         voyna.vcxproj -> C:\Users\Lagster\Documents\Visual Studio 2010\Projects\voyna\Debug\voyna.exe
       FinalizeBuildStatus:
         Файл "Debug\voyna.unsuccessfulbuild" удаляется.
         Обращение к "Debug\voyna.lastbuildstate".
     1>Построение проекта "C:\Users\Lagster\Documents\Visual Studio 2010\Projects\voyna\voyna\voyna.vcxproj" завершено (целевые объекты build).

Построение успешно завершено.

Затраченное время: 00:00:01.40
